Removing mpi version 2021.9.0
Use `module list` to view any remaining dependent modules.
Removing compiler version 2023.1.0
Use `module list` to view any remaining dependent modules.
  Load "debugger" to debug DPC++ applications with the gdb-oneapi debugger.
  Load "dpl" for additional DPC++ APIs: https://github.com/oneapi-src/oneDPL
Removing mkl version 2023.1.0
Use `module list` to view any remaining dependent modules.
Loading compiler version 2023.1.0
  Load "debugger" to debug DPC++ applications with the gdb-oneapi debugger.
  Load "dpl" for additional DPC++ APIs: https://github.com/oneapi-src/oneDPL
Loading mkl version 2023.1.0
Loading mpi version 2021.9.0
+ date
+ mpirun -np 4 ./mitgcmuv
NORMAL END
NORMAL END
NORMAL END
NORMAL END
+ date
